0 info it worked if it ends with ok
1 verbose cli [ 'C:\\Program Files\\nodejs\\node.exe',
1 verbose cli   'C:\\Program Files\\nodejs\\node_modules\\npm\\bin\\npm-cli.js',
1 verbose cli   'install',
1 verbose cli   'angularui',
1 verbose cli   '--save' ]
2 info using npm@2.15.1
3 info using node@v4.4.3
4 verbose install initial load of D:\NodeApp\package.json
5 verbose installManyTop reading scoped package data from D:\NodeApp\node_modules\body-parser\package.json
6 verbose installManyTop reading scoped package data from D:\NodeApp\node_modules\cookie-parser\package.json
7 verbose installManyTop reading scoped package data from D:\NodeApp\node_modules\debug\package.json
8 verbose installManyTop reading scoped package data from D:\NodeApp\node_modules\deferred\package.json
9 verbose installManyTop reading scoped package data from D:\NodeApp\node_modules\ejs\package.json
10 verbose installManyTop reading scoped package data from D:\NodeApp\node_modules\express\package.json
11 verbose installManyTop reading scoped package data from D:\NodeApp\node_modules\express-session\package.json
12 verbose installManyTop reading scoped package data from D:\NodeApp\node_modules\jade\package.json
13 verbose installManyTop reading scoped package data from D:\NodeApp\node_modules\mongodb\package.json
14 verbose installManyTop reading scoped package data from D:\NodeApp\node_modules\mongoose\package.json
15 verbose installManyTop reading scoped package data from D:\NodeApp\node_modules\morgan\package.json
16 verbose installManyTop reading scoped package data from D:\NodeApp\node_modules\passport\package.json
17 verbose installManyTop reading scoped package data from D:\NodeApp\node_modules\passport-facebook\package.json
18 verbose installManyTop reading scoped package data from D:\NodeApp\node_modules\passport-local\package.json
19 verbose installManyTop reading scoped package data from D:\NodeApp\node_modules\serve-favicon\package.json
20 verbose installManyTop reading scoped package data from D:\NodeApp\node_modules\winston\package.json
21 info package.json passport@0.3.2 No README data
22 info package.json passport-local@1.0.0 No license field.
23 verbose readDependencies loading dependencies from D:\NodeApp\package.json
24 silly cache add args [ 'angularui', null ]
25 verbose cache add spec angularui
26 silly cache add parsed spec Result {
26 silly cache add   raw: 'angularui',
26 silly cache add   scope: null,
26 silly cache add   name: 'angularui',
26 silly cache add   rawSpec: '',
26 silly cache add   spec: 'latest',
26 silly cache add   type: 'tag' }
27 silly addNamed angularui@latest
28 verbose addNamed "latest" is being treated as a dist-tag for angularui
29 info addNameTag [ 'angularui', 'latest' ]
30 silly mapToRegistry name angularui
31 silly mapToRegistry using default registry
32 silly mapToRegistry registry https://registry.npmjs.org/
33 silly mapToRegistry data Result {
33 silly mapToRegistry   raw: 'angularui',
33 silly mapToRegistry   scope: null,
33 silly mapToRegistry   name: 'angularui',
33 silly mapToRegistry   rawSpec: '',
33 silly mapToRegistry   spec: 'latest',
33 silly mapToRegistry   type: 'tag' }
34 silly mapToRegistry uri https://registry.npmjs.org/angularui
35 verbose addNameTag registry:https://registry.npmjs.org/angularui not in flight; fetching
36 verbose request uri https://registry.npmjs.org/angularui
37 verbose request no auth needed
38 info attempt registry request try #1 at 12:26:46 PM
39 verbose request id 611106d31ae19f55
40 http request GET https://registry.npmjs.org/angularui
41 http 404 https://registry.npmjs.org/angularui
42 verbose headers { 'content-type': 'application/json',
42 verbose headers   'cache-control': 'max-age=0',
42 verbose headers   'content-length': '2',
42 verbose headers   'accept-ranges': 'bytes',
42 verbose headers   date: 'Fri, 06 May 2016 06:56:43 GMT',
42 verbose headers   via: '1.1 varnish',
42 verbose headers   age: '0',
42 verbose headers   connection: 'keep-alive',
42 verbose headers   'x-served-by': 'cache-sin6923-SIN',
42 verbose headers   'x-cache': 'MISS',
42 verbose headers   'x-cache-hits': '0',
42 verbose headers   'x-timer': 'S1462517803.474023,VS0,VE213',
42 verbose headers   vary: 'Accept-Encoding' }
43 silly get cb [ 404,
43 silly get   { 'content-type': 'application/json',
43 silly get     'cache-control': 'max-age=0',
43 silly get     'content-length': '2',
43 silly get     'accept-ranges': 'bytes',
43 silly get     date: 'Fri, 06 May 2016 06:56:43 GMT',
43 silly get     via: '1.1 varnish',
43 silly get     age: '0',
43 silly get     connection: 'keep-alive',
43 silly get     'x-served-by': 'cache-sin6923-SIN',
43 silly get     'x-cache': 'MISS',
43 silly get     'x-cache-hits': '0',
43 silly get     'x-timer': 'S1462517803.474023,VS0,VE213',
43 silly get     vary: 'Accept-Encoding' } ]
44 verbose stack Error: Registry returned 404 for GET on https://registry.npmjs.org/angularui
44 verbose stack     at makeError (C:\Program Files\nodejs\node_modules\npm\node_modules\npm-registry-client\lib\request.js:264:12)
44 verbose stack     at CachingRegistryClient.<anonymous> (C:\Program Files\nodejs\node_modules\npm\node_modules\npm-registry-client\lib\request.js:242:14)
44 verbose stack     at Request._callback (C:\Program Files\nodejs\node_modules\npm\node_modules\npm-registry-client\lib\request.js:172:14)
44 verbose stack     at Request.self.callback (C:\Program Files\nodejs\node_modules\npm\node_modules\request\request.js:199:22)
44 verbose stack     at emitTwo (events.js:87:13)
44 verbose stack     at Request.emit (events.js:172:7)
44 verbose stack     at Request.<anonymous> (C:\Program Files\nodejs\node_modules\npm\node_modules\request\request.js:1036:10)
44 verbose stack     at emitOne (events.js:82:20)
44 verbose stack     at Request.emit (events.js:169:7)
44 verbose stack     at IncomingMessage.<anonymous> (C:\Program Files\nodejs\node_modules\npm\node_modules\request\request.js:963:12)
45 verbose statusCode 404
46 verbose pkgid angularui
47 verbose cwd D:\NodeApp
48 error Windows_NT 10.0.10586
49 error argv "C:\\Program Files\\nodejs\\node.exe" "C:\\Program Files\\nodejs\\node_modules\\npm\\bin\\npm-cli.js" "install" "angularui" "--save"
50 error node v4.4.3
51 error npm  v2.15.1
52 error code E404
53 error 404 Registry returned 404 for GET on https://registry.npmjs.org/angularui
53 error 404
53 error 404 'angularui' is not in the npm registry.
53 error 404 You should bug the author to publish it (or use the name yourself!)
53 error 404 It was specified as a dependency of 'NodeApp'
53 error 404
53 error 404 Note that you can also install from a
53 error 404 tarball, folder, http url, or git url.
54 verbose exit [ 1, true ]
